<?xml version="1.0" encoding="UTF-8"?>
<!-- Generated by org.testng.reporters.JUnitReportReporter -->
<testsuite hostname="Yuliya-ПК" name="com.example.tests.GroupCreationTests" tests="2" failures="0" timestamp="26 May 2014 19:26:41 GMT" time="9.399" errors="0">
  <testcase name="testNonEmptyGroupCreation" time="3.860" classname="com.example.tests.GroupCreationTests"/>
  <testcase name="testEmptyGroupCreation" time="5.539" classname="com.example.tests.GroupCreationTests"/>
</testsuite> <!-- com.example.tests.GroupCreationTests -->
