<?xml version="1.0" encoding="UTF-8"?>
<!-- Generated by org.testng.reporters.JUnitReportReporter -->
<testsuite hostname="Yuliya-ПК" name="com.example.tests.ContactCreationTests" tests="2" failures="0" timestamp="19 May 2014 20:58:51 GMT" time="11.623" errors="0">
  <testcase name="testEmptyContactCreation" time="5.430" classname="com.example.tests.ContactCreationTests"/>
  <testcase name="testNonEmptyContactCreation" time="6.193" classname="com.example.tests.ContactCreationTests"/>
</testsuite> <!-- com.example.tests.ContactCreationTests -->
