<?xml version="1.0" encoding="UTF-8"?>
<!-- Generated by org.testng.reporters.JUnitReportReporter -->
<testsuite hostname="Yuliya-ПК" name="com.example.tests.GroupCreationTests" tests="2" failures="0" timestamp="19 May 2014 20:58:51 GMT" time="9.331" errors="0">
  <testcase name="testEmptyGroupCreation" time="5.529" classname="com.example.tests.GroupCreationTests"/>
  <testcase name="testNonEmptyGroupCreation" time="3.802" classname="com.example.tests.GroupCreationTests"/>
</testsuite> <!-- com.example.tests.GroupCreationTests -->
