<?xml version="1.0" encoding="UTF-8"?>
<!-- Generated by org.testng.reporters.JUnitReportReporter -->
<testsuite hostname="Yuliya-ПК" name="com.example.tests.ContactCreationTests" tests="2" failures="0" timestamp="24 May 2014 20:13:56 GMT" time="12.100" errors="0">
  <testcase name="testNonEmptyContactCreation" time="6.678" classname="com.example.tests.ContactCreationTests"/>
  <testcase name="testEmptyContactCreation" time="5.422" classname="com.example.tests.ContactCreationTests"/>
</testsuite> <!-- com.example.tests.ContactCreationTests -->
