<?xml version="1.0" encoding="UTF-8"?>
<!-- Generated by org.testng.reporters.JUnitReportReporter -->
<testsuite hostname="Yuliya-ПК" name="com.example.tests.GroupCreationTests" tests="2" failures="0" timestamp="24 May 2014 20:13:56 GMT" time="9.445" errors="0">
  <testcase name="testNonEmptyGroupCreation" time="3.770" classname="com.example.tests.GroupCreationTests"/>
  <testcase name="testEmptyGroupCreation" time="5.675" classname="com.example.tests.GroupCreationTests"/>
</testsuite> <!-- com.example.tests.GroupCreationTests -->
