<?xml version="1.0" encoding="UTF-8"?>
<!-- Generated by org.testng.reporters.JUnitReportReporter -->
<testsuite hostname="Yuliya-ПК" name="com.example.tests.GroupCreationTests" tests="2" failures="0" timestamp="18 May 2014 09:59:31 GMT" time="10.588" errors="0">
  <testcase name="testNonEmptyGroupCreation" time="4.003" classname="com.example.tests.GroupCreationTests"/>
  <testcase name="testEmptyGroupCreation" time="6.585" classname="com.example.tests.GroupCreationTests"/>
</testsuite> <!-- com.example.tests.GroupCreationTests -->
